<?xml version="1.0" encoding="UTF-8"?>
<testsuite name="com.cloudnative.demo.DemoApplicationTests" tests="1" skipped="0" failures="0" errors="0" timestamp="2025-11-22T18:59:32.493Z" hostname="DESKTOP-9VT3PO6" time="0.767">
  <properties/>
  <testcase name="contextLoads()" classname="com.cloudnative.demo.DemoApplicationTests" time="0.767"/>
  <system-out><![CDATA[00:29:26.863 [Test worker] INFO org.springframework.test.context.support.AnnotationConfigContextLoaderUtils -- Could not detect default configuration classes for test class [com.cloudnative.demo.DemoApplicationTests]: DemoApplicationTests does not declare any static, non-private, non-final, nested classes annotated with @Configuration.
00:29:26.994 [Test worker] INFO org.springframework.boot.test.context.SpringBootTestContextBootstrapper -- Found @SpringBootConfiguration com.cloudnative.demo.DemoApplication for test class com.cloudnative.demo.DemoApplicationTests

  .   ____          _            __ _ _
 /\\ / ___'_ __ _ _(_)_ __  __ _ \ \ \ \
( ( )\___ | '_ | '_| | '_ \/ _` | \ \ \ \
 \\/  ___)| |_)| | | | | || (_| |  ) ) ) )
  '  |____| .__|_| |_|_| |_\__, | / / / /
 =========|_|==============|___/=/_/_/_/

 :: Spring Boot ::                (v4.0.0)

2025-11-23T00:29:27.811+05:30  INFO 30888 --- [demo] [    Test worker] c.cloudnative.demo.DemoApplicationTests  : Starting DemoApplicationTests using Java 17.0.11 with PID 30888 (started by psreddy in D:\Demo\Innova\demo)
2025-11-23T00:29:27.814+05:30  INFO 30888 --- [demo] [    Test worker] c.cloudnative.demo.DemoApplicationTests  : No active profile set, falling back to 1 default profile: "default"
2025-11-23T00:29:28.811+05:30  INFO 30888 --- [demo] [    Test worker] .s.d.r.c.RepositoryConfigurationDelegate : Bootstrapping Spring Data JPA repositories in DEFAULT mode.
2025-11-23T00:29:28.840+05:30  INFO 30888 --- [demo] [    Test worker] .s.d.r.c.RepositoryConfigurationDelegate : Finished Spring Data repository scanning in 19 ms. Found 0 JPA repository interfaces.
2025-11-23T00:29:29.427+05:30  INFO 30888 --- [demo] [    Test worker] com.zaxxer.hikari.HikariDataSource       : HikariPool-1 - Starting...
2025-11-23T00:29:29.703+05:30  INFO 30888 --- [demo] [    Test worker] com.zaxxer.hikari.pool.HikariPool        : HikariPool-1 - Added connection conn0: url=jdbc:h2:mem:26b4a076-746f-480e-8812-978b302d978a user=SA
2025-11-23T00:29:29.706+05:30  INFO 30888 --- [demo] [    Test worker] com.zaxxer.hikari.HikariDataSource       : HikariPool-1 - Start completed.
2025-11-23T00:29:29.760+05:30  INFO 30888 --- [demo] [    Test worker] o.hibernate.jpa.internal.util.LogHelper  : HHH000204: Processing PersistenceUnitInfo [name: default]
2025-11-23T00:29:29.883+05:30  INFO 30888 --- [demo] [    Test worker] org.hibernate.Version                    : HHH000412: Hibernate ORM core version 7.1.8.Final
2025-11-23T00:29:30.657+05:30  INFO 30888 --- [demo] [    Test worker] o.s.o.j.p.SpringPersistenceUnitInfo      : No LoadTimeWeaver setup: ignoring JPA class transformer
2025-11-23T00:29:30.794+05:30  INFO 30888 --- [demo] [    Test worker] org.hibernate.orm.connections.pooling    : HHH10001005: Database info:
	Database JDBC URL [jdbc:h2:mem:26b4a076-746f-480e-8812-978b302d978a]
	Database driver: H2 JDBC Driver
	Database dialect: H2Dialect
	Database version: 2.4.240
	Default catalog/schema: 26B4A076-746F-480E-8812-978B302D978A/PUBLIC
	Autocommit mode: undefined/unknown
	Isolation level: READ_COMMITTED [default READ_COMMITTED]
	JDBC fetch size: 100
	Pool: DatasourceConnectionProviderImpl
	Minimum pool size: undefined/unknown
	Maximum pool size: undefined/unknown
2025-11-23T00:29:31.162+05:30  INFO 30888 --- [demo] [    Test worker] o.h.e.t.j.p.i.JtaPlatformInitiator       : HHH000489: No JTA platform available (set 'hibernate.transaction.jta.platform' to enable JTA platform integration)
2025-11-23T00:29:31.173+05:30  INFO 30888 --- [demo] [    Test worker] j.LocalContainerEntityManagerFactoryBean : Initialized JPA EntityManagerFactory for persistence unit 'default'
2025-11-23T00:29:31.299+05:30  WARN 30888 --- [demo] [    Test worker] JpaBaseConfiguration$JpaWebConfiguration : spring.jpa.open-in-view is enabled by default. Therefore, database queries may be performed during view rendering. Explicitly configure spring.jpa.open-in-view to disable this warning
2025-11-23T00:29:32.464+05:30  INFO 30888 --- [demo] [    Test worker] c.cloudnative.demo.DemoApplicationTests  : Started DemoApplicationTests in 5.249 seconds (process running for 7.259)
]]></system-out>
  <system-err><![CDATA[]]></system-err>
</testsuite>
